25-02-08.10:55:25.039 [main            ] INFO  RaffleActivityAccountQuotaServiceTest - Starting RaffleActivityAccountQuotaServiceTest using Java 20.0.2 on DESKTOP-OTV51L3 with PID 25328 (started by GBB in D:\Code\IDEA_work\xfg-project\big_market\big-market-app)
25-02-08.10:55:25.040 [main            ] INFO  RaffleActivityAccountQuotaServiceTest - The following 1 profile is active: "dev"
25-02-08.10:55:26.147 [main            ] INFO  RepositoryConfigurationDelegate - Multiple Spring Data modules found, entering strict repository configuration mode
25-02-08.10:55:26.152 [main            ] INFO  RepositoryConfigurationDelegate - Bootstrapping Spring Data Redis repositories in DEFAULT mode.
25-02-08.10:55:26.225 [main            ] INFO  RepositoryConfigurationDelegate - Finished Spring Data repository scanning in 56 ms. Found 0 Redis repository interfaces.
25-02-08.10:55:27.355 [main            ] INFO  Version                - Redisson 3.23.4
25-02-08.10:55:27.861 [redisson-netty-2-4] INFO  MasterPubSubConnectionPool - 1 connections initialized for 117.72.124.103/117.72.124.103:16379
25-02-08.10:55:29.232 [redisson-netty-2-13] INFO  MasterConnectionPool   - 5 connections initialized for 117.72.124.103/117.72.124.103:16379
25-02-08.10:55:33.475 [main            ] INFO  EndpointLinksResolver  - Exposing 1 endpoint(s) beneath base path '/actuator'
25-02-08.10:55:33.560 [main            ] INFO  CachingConnectionFactory - Attempting to connect to: [117.72.124.103:5672]
25-02-08.10:55:33.883 [main            ] INFO  CachingConnectionFactory - Created new connection: rabbitConnectionFactory#38fc34fd:0/SimpleConnection@58038583 [delegate=amqp://admin@117.72.124.103:5672/, localPort= 50128]
25-02-08.10:55:35.186 [main            ] INFO  RaffleActivityAccountQuotaServiceTest - Started RaffleActivityAccountQuotaServiceTest in 10.583 seconds (JVM running for 11.455)
25-02-08.10:55:35.659 [main            ] INFO  HikariDataSource       - Retail_HikariCP - Starting...
25-02-08.10:55:36.240 [main            ] INFO  HikariDataSource       - Retail_HikariCP - Start completed.
25-02-08.10:55:36.439 [main            ] INFO  RaffleActivityAccountQuotaServiceTest - 装配活动：true
25-02-08.10:55:36.538 [main            ] INFO  ActivityBaseActionChain - 活动责任链-基础信息【有效期、状态、库存(sku)】校验开始。sku:9011 activityId:100301
25-02-08.10:55:36.539 [main            ] INFO  ActivitySkuStockActionChain - 活动责任链-商品库存处理【有效期、状态、库存(sku)】开始。sku:9011 activityId:100301
25-02-08.10:55:36.611 [main            ] INFO  ActivitySkuStockActionChain - 活动责任链-商品库存处理【有效期、状态、库存(sku)】成功。sku:9011 activityId:100301
25-02-08.10:55:36.712 [main            ] INFO  HikariDataSource       - Retail_HikariCP - Starting...
25-02-08.10:55:37.112 [main            ] INFO  HikariDataSource       - Retail_HikariCP - Start completed.
25-02-08.10:55:37.309 [main            ] INFO  RaffleActivityAccountQuotaServiceTest - 测试结果：178266411176
25-02-08.10:55:37.353 [org.springframework.amqp.rabbit.RabbitListenerEndpointContainer#0-2] INFO  SimpleMessageListenerContainer - Waiting for workers to finish.
25-02-08.10:55:37.381 [org.springframework.amqp.rabbit.RabbitListenerEndpointContainer#1-2] INFO  SimpleMessageListenerContainer - Waiting for workers to finish.
25-02-08.10:55:37.404 [org.springframework.amqp.rabbit.RabbitListenerEndpointContainer#2-2] INFO  SimpleMessageListenerContainer - Waiting for workers to finish.
25-02-08.10:55:37.516 [org.springframework.amqp.rabbit.RabbitListenerEndpointContainer#3-2] INFO  SimpleMessageListenerContainer - Waiting for workers to finish.
25-02-08.10:55:37.518 [org.springframework.amqp.rabbit.RabbitListenerEndpointContainer#0-2] INFO  SimpleMessageListenerContainer - Successfully waited for workers to finish.
25-02-08.10:55:37.699 [org.springframework.amqp.rabbit.RabbitListenerEndpointContainer#1-2] INFO  SimpleMessageListenerContainer - Successfully waited for workers to finish.
25-02-08.10:55:37.957 [org.springframework.amqp.rabbit.RabbitListenerEndpointContainer#2-2] INFO  SimpleMessageListenerContainer - Successfully waited for workers to finish.
25-02-08.10:55:38.256 [org.springframework.amqp.rabbit.RabbitListenerEndpointContainer#3-2] INFO  SimpleMessageListenerContainer - Successfully waited for workers to finish.
25-02-08.10:55:38.260 [SpringApplicationShutdownHook] INFO  SimpleMessageListenerContainer - Shutdown ignored - container is already stopped
25-02-08.10:55:38.260 [SpringApplicationShutdownHook] INFO  SimpleMessageListenerContainer - Shutdown ignored - container is already stopped
25-02-08.10:55:38.260 [SpringApplicationShutdownHook] INFO  SimpleMessageListenerContainer - Shutdown ignored - container is already stopped
25-02-08.10:55:38.260 [SpringApplicationShutdownHook] INFO  SimpleMessageListenerContainer - Shutdown ignored - container is already stopped
25-02-08.11:05:28.854 [main            ] INFO  RaffleActivityControllerTest - Starting RaffleActivityControllerTest using Java 20.0.2 on DESKTOP-OTV51L3 with PID 14392 (started by GBB in D:\Code\IDEA_work\xfg-project\big_market\big-market-app)
25-02-08.11:05:28.855 [main            ] INFO  RaffleActivityControllerTest - The following 1 profile is active: "dev"
25-02-08.11:05:29.867 [main            ] INFO  RepositoryConfigurationDelegate - Multiple Spring Data modules found, entering strict repository configuration mode
25-02-08.11:05:29.869 [main            ] INFO  RepositoryConfigurationDelegate - Bootstrapping Spring Data Redis repositories in DEFAULT mode.
25-02-08.11:05:29.928 [main            ] INFO  RepositoryConfigurationDelegate - Finished Spring Data repository scanning in 48 ms. Found 0 Redis repository interfaces.
25-02-08.11:05:30.956 [main            ] INFO  Version                - Redisson 3.23.4
25-02-08.11:05:31.398 [redisson-netty-2-6] INFO  MasterPubSubConnectionPool - 1 connections initialized for 117.72.124.103/117.72.124.103:16379
25-02-08.11:05:31.640 [redisson-netty-2-13] INFO  MasterConnectionPool   - 5 connections initialized for 117.72.124.103/117.72.124.103:16379
25-02-08.11:05:35.875 [main            ] INFO  EndpointLinksResolver  - Exposing 1 endpoint(s) beneath base path '/actuator'
25-02-08.11:05:35.940 [main            ] INFO  CachingConnectionFactory - Attempting to connect to: [117.72.124.103:5672]
25-02-08.11:05:36.097 [main            ] INFO  CachingConnectionFactory - Created new connection: rabbitConnectionFactory#219edc05:0/SimpleConnection@cce672c [delegate=amqp://admin@117.72.124.103:5672/, localPort= 59374]
25-02-08.11:05:36.745 [main            ] INFO  RaffleActivityControllerTest - Started RaffleActivityControllerTest in 8.303 seconds (JVM running for 9.053)
25-02-08.11:05:37.105 [main            ] ERROR RaffleActivityController - 活动装配，数据预热，开始 activityId:100301
25-02-08.11:05:37.161 [main            ] INFO  HikariDataSource       - Retail_HikariCP - Starting...
25-02-08.11:05:37.693 [main            ] INFO  HikariDataSource       - Retail_HikariCP - Start completed.
25-02-08.11:05:38.945 [main            ] INFO  RaffleActivityController - 活动装配，数据预热，完成 activityId:100301
25-02-08.11:05:39.072 [main            ] INFO  RaffleActivityControllerTest - 测试结果：{"code":"0000","data":true,"info":"成功"}
25-02-08.11:05:39.107 [org.springframework.amqp.rabbit.RabbitListenerEndpointContainer#0-2] INFO  SimpleMessageListenerContainer - Waiting for workers to finish.
25-02-08.11:05:39.128 [org.springframework.amqp.rabbit.RabbitListenerEndpointContainer#1-2] INFO  SimpleMessageListenerContainer - Waiting for workers to finish.
25-02-08.11:05:39.152 [org.springframework.amqp.rabbit.RabbitListenerEndpointContainer#2-2] INFO  SimpleMessageListenerContainer - Waiting for workers to finish.
25-02-08.11:05:39.173 [org.springframework.amqp.rabbit.RabbitListenerEndpointContainer#3-2] INFO  SimpleMessageListenerContainer - Waiting for workers to finish.
25-02-08.11:05:39.401 [org.springframework.amqp.rabbit.RabbitListenerEndpointContainer#0-2] INFO  SimpleMessageListenerContainer - Successfully waited for workers to finish.
25-02-08.11:05:39.536 [org.springframework.amqp.rabbit.RabbitListenerEndpointContainer#1-2] INFO  SimpleMessageListenerContainer - Successfully waited for workers to finish.
25-02-08.11:05:39.677 [org.springframework.amqp.rabbit.RabbitListenerEndpointContainer#2-2] INFO  SimpleMessageListenerContainer - Successfully waited for workers to finish.
25-02-08.11:05:39.781 [org.springframework.amqp.rabbit.RabbitListenerEndpointContainer#3-2] INFO  SimpleMessageListenerContainer - Successfully waited for workers to finish.
25-02-08.11:05:39.784 [SpringApplicationShutdownHook] INFO  SimpleMessageListenerContainer - Shutdown ignored - container is already stopped
25-02-08.11:05:39.784 [SpringApplicationShutdownHook] INFO  SimpleMessageListenerContainer - Shutdown ignored - container is already stopped
25-02-08.11:05:39.784 [SpringApplicationShutdownHook] INFO  SimpleMessageListenerContainer - Shutdown ignored - container is already stopped
25-02-08.11:05:39.784 [SpringApplicationShutdownHook] INFO  SimpleMessageListenerContainer - Shutdown ignored - container is already stopped
25-02-08.11:05:47.267 [main            ] INFO  RaffleActivityAccountQuotaServiceTest - Starting RaffleActivityAccountQuotaServiceTest using Java 20.0.2 on DESKTOP-OTV51L3 with PID 24864 (started by GBB in D:\Code\IDEA_work\xfg-project\big_market\big-market-app)
25-02-08.11:05:47.268 [main            ] INFO  RaffleActivityAccountQuotaServiceTest - The following 1 profile is active: "dev"
25-02-08.11:05:48.211 [main            ] INFO  RepositoryConfigurationDelegate - Multiple Spring Data modules found, entering strict repository configuration mode
25-02-08.11:05:48.218 [main            ] INFO  RepositoryConfigurationDelegate - Bootstrapping Spring Data Redis repositories in DEFAULT mode.
25-02-08.11:05:48.284 [main            ] INFO  RepositoryConfigurationDelegate - Finished Spring Data repository scanning in 51 ms. Found 0 Redis repository interfaces.
25-02-08.11:05:49.304 [main            ] INFO  Version                - Redisson 3.23.4
25-02-08.11:05:49.930 [redisson-netty-2-4] INFO  MasterPubSubConnectionPool - 1 connections initialized for 117.72.124.103/117.72.124.103:16379
25-02-08.11:05:50.250 [redisson-netty-2-13] INFO  MasterConnectionPool   - 5 connections initialized for 117.72.124.103/117.72.124.103:16379
25-02-08.11:05:55.461 [main            ] INFO  EndpointLinksResolver  - Exposing 1 endpoint(s) beneath base path '/actuator'
25-02-08.11:05:55.653 [main            ] INFO  CachingConnectionFactory - Attempting to connect to: [117.72.124.103:5672]
25-02-08.11:05:55.880 [main            ] INFO  CachingConnectionFactory - Created new connection: rabbitConnectionFactory#7178d811:0/SimpleConnection@487bc2fe [delegate=amqp://admin@117.72.124.103:5672/, localPort= 59399]
25-02-08.11:05:56.864 [main            ] INFO  RaffleActivityAccountQuotaServiceTest - Started RaffleActivityAccountQuotaServiceTest in 10.007 seconds (JVM running for 10.825)
25-02-08.11:05:57.771 [main            ] INFO  HikariDataSource       - Retail_HikariCP - Starting...
25-02-08.11:05:58.680 [main            ] INFO  HikariDataSource       - Retail_HikariCP - Start completed.
25-02-08.11:05:59.168 [main            ] INFO  RaffleActivityAccountQuotaServiceTest - 装配活动：true
25-02-08.11:05:59.430 [main            ] INFO  ActivityBaseActionChain - 活动责任链-基础信息【有效期、状态、库存(sku)】校验开始。sku:9011 activityId:100301
25-02-08.11:05:59.431 [main            ] INFO  ActivitySkuStockActionChain - 活动责任链-商品库存处理【有效期、状态、库存(sku)】开始。sku:9011 activityId:100301
25-02-08.11:05:59.575 [main            ] INFO  ActivitySkuStockActionChain - 活动责任链-商品库存处理【有效期、状态、库存(sku)】成功。sku:9011 activityId:100301
25-02-08.11:05:59.740 [main            ] INFO  HikariDataSource       - Retail_HikariCP - Starting...
25-02-08.11:06:00.164 [pool-3-thread-2 ] INFO  HikariDataSource       - Retail_HikariCP - Starting...
25-02-08.11:06:00.480 [main            ] INFO  HikariDataSource       - Retail_HikariCP - Start completed.
25-02-08.11:06:00.892 [main            ] INFO  RaffleActivityAccountQuotaServiceTest - 测试结果：905458416383
25-02-08.11:06:00.922 [pool-3-thread-2 ] INFO  HikariDataSource       - Retail_HikariCP - Start completed.
25-02-08.11:06:00.986 [org.springframework.amqp.rabbit.RabbitListenerEndpointContainer#0-2] INFO  SimpleMessageListenerContainer - Waiting for workers to finish.
25-02-08.11:06:01.044 [org.springframework.amqp.rabbit.RabbitListenerEndpointContainer#1-2] INFO  SimpleMessageListenerContainer - Waiting for workers to finish.
25-02-08.11:06:01.140 [org.springframework.amqp.rabbit.RabbitListenerEndpointContainer#2-2] INFO  SimpleMessageListenerContainer - Waiting for workers to finish.
25-02-08.11:06:01.211 [org.springframework.amqp.rabbit.RabbitListenerEndpointContainer#3-2] INFO  SimpleMessageListenerContainer - Waiting for workers to finish.
25-02-08.11:06:01.410 [org.springframework.amqp.rabbit.RabbitListenerEndpointContainer#0-2] INFO  SimpleMessageListenerContainer - Successfully waited for workers to finish.
25-02-08.11:06:01.521 [org.springframework.amqp.rabbit.RabbitListenerEndpointContainer#1-2] INFO  SimpleMessageListenerContainer - Successfully waited for workers to finish.
25-02-08.11:06:01.705 [org.springframework.amqp.rabbit.RabbitListenerEndpointContainer#2-2] INFO  SimpleMessageListenerContainer - Successfully waited for workers to finish.
25-02-08.11:06:01.872 [org.springframework.amqp.rabbit.RabbitListenerEndpointContainer#3-2] INFO  SimpleMessageListenerContainer - Successfully waited for workers to finish.
25-02-08.11:06:01.887 [SpringApplicationShutdownHook] INFO  SimpleMessageListenerContainer - Shutdown ignored - container is already stopped
25-02-08.11:06:01.889 [SpringApplicationShutdownHook] INFO  SimpleMessageListenerContainer - Shutdown ignored - container is already stopped
25-02-08.11:06:01.889 [SpringApplicationShutdownHook] INFO  SimpleMessageListenerContainer - Shutdown ignored - container is already stopped
25-02-08.11:06:01.889 [SpringApplicationShutdownHook] INFO  SimpleMessageListenerContainer - Shutdown ignored - container is already stopped
25-02-08.11:06:46.316 [main            ] INFO  CreditAdjustServiceTest - Starting CreditAdjustServiceTest using Java 20.0.2 on DESKTOP-OTV51L3 with PID 26996 (started by GBB in D:\Code\IDEA_work\xfg-project\big_market\big-market-app)
25-02-08.11:06:46.317 [main            ] INFO  CreditAdjustServiceTest - The following 1 profile is active: "dev"
25-02-08.11:06:47.348 [main            ] INFO  RepositoryConfigurationDelegate - Multiple Spring Data modules found, entering strict repository configuration mode
25-02-08.11:06:47.350 [main            ] INFO  RepositoryConfigurationDelegate - Bootstrapping Spring Data Redis repositories in DEFAULT mode.
25-02-08.11:06:47.407 [main            ] INFO  RepositoryConfigurationDelegate - Finished Spring Data repository scanning in 50 ms. Found 0 Redis repository interfaces.
25-02-08.11:06:48.498 [main            ] INFO  Version                - Redisson 3.23.4
25-02-08.11:06:49.198 [redisson-netty-2-6] INFO  MasterPubSubConnectionPool - 1 connections initialized for 117.72.124.103/117.72.124.103:16379
25-02-08.11:06:49.763 [redisson-netty-2-13] INFO  MasterConnectionPool   - 5 connections initialized for 117.72.124.103/117.72.124.103:16379
25-02-08.11:06:55.208 [main            ] INFO  EndpointLinksResolver  - Exposing 1 endpoint(s) beneath base path '/actuator'
25-02-08.11:06:55.353 [main            ] INFO  CachingConnectionFactory - Attempting to connect to: [117.72.124.103:5672]
25-02-08.11:06:55.558 [main            ] INFO  CachingConnectionFactory - Created new connection: rabbitConnectionFactory#16c0be3b:0/SimpleConnection@6b3da23f [delegate=amqp://admin@117.72.124.103:5672/, localPort= 59434]
25-02-08.11:06:56.476 [main            ] INFO  CreditAdjustServiceTest - Started CreditAdjustServiceTest in 10.536 seconds (JVM running for 11.378)
25-02-08.11:06:57.229 [main            ] INFO  CreditAdjustService    - 增加账户积分额度开始 userId:xiaofuge tradeName:CONVERT_SKU amount:-1.68
25-02-08.11:06:57.339 [org.springframework.amqp.rabbit.RabbitListenerEndpointContainer#0-2] INFO  SimpleMessageListenerContainer - Waiting for workers to finish.
25-02-08.11:06:57.367 [org.springframework.amqp.rabbit.RabbitListenerEndpointContainer#1-2] INFO  SimpleMessageListenerContainer - Waiting for workers to finish.
25-02-08.11:06:57.388 [org.springframework.amqp.rabbit.RabbitListenerEndpointContainer#2-2] INFO  SimpleMessageListenerContainer - Waiting for workers to finish.
25-02-08.11:06:57.423 [org.springframework.amqp.rabbit.RabbitListenerEndpointContainer#3-2] INFO  SimpleMessageListenerContainer - Waiting for workers to finish.
25-02-08.11:06:57.485 [org.springframework.amqp.rabbit.RabbitListenerEndpointContainer#3-2] INFO  SimpleMessageListenerContainer - Successfully waited for workers to finish.
25-02-08.11:06:58.039 [org.springframework.amqp.rabbit.RabbitListenerEndpointContainer#0-2] INFO  SimpleMessageListenerContainer - Successfully waited for workers to finish.
25-02-08.11:06:58.209 [org.springframework.amqp.rabbit.RabbitListenerEndpointContainer#1-2] INFO  SimpleMessageListenerContainer - Successfully waited for workers to finish.
25-02-08.11:06:58.374 [org.springframework.amqp.rabbit.RabbitListenerEndpointContainer#2-2] INFO  SimpleMessageListenerContainer - Successfully waited for workers to finish.
25-02-08.11:06:58.377 [SpringApplicationShutdownHook] INFO  SimpleMessageListenerContainer - Shutdown ignored - container is already stopped
25-02-08.11:06:58.377 [SpringApplicationShutdownHook] INFO  SimpleMessageListenerContainer - Shutdown ignored - container is already stopped
25-02-08.11:06:58.377 [SpringApplicationShutdownHook] INFO  SimpleMessageListenerContainer - Shutdown ignored - container is already stopped
25-02-08.11:06:58.377 [SpringApplicationShutdownHook] INFO  SimpleMessageListenerContainer - Shutdown ignored - container is already stopped
25-02-08.11:07:45.479 [main            ] INFO  CreditAdjustServiceTest - Starting CreditAdjustServiceTest using Java 20.0.2 on DESKTOP-OTV51L3 with PID 10776 (started by GBB in D:\Code\IDEA_work\xfg-project\big_market\big-market-app)
25-02-08.11:07:45.480 [main            ] INFO  CreditAdjustServiceTest - The following 1 profile is active: "dev"
25-02-08.11:07:46.464 [main            ] INFO  RepositoryConfigurationDelegate - Multiple Spring Data modules found, entering strict repository configuration mode
25-02-08.11:07:46.466 [main            ] INFO  RepositoryConfigurationDelegate - Bootstrapping Spring Data Redis repositories in DEFAULT mode.
25-02-08.11:07:46.527 [main            ] INFO  RepositoryConfigurationDelegate - Finished Spring Data repository scanning in 50 ms. Found 0 Redis repository interfaces.
25-02-08.11:07:47.536 [main            ] INFO  Version                - Redisson 3.23.4
25-02-08.11:07:48.014 [redisson-netty-2-4] INFO  MasterPubSubConnectionPool - 1 connections initialized for 117.72.124.103/117.72.124.103:16379
25-02-08.11:07:48.265 [redisson-netty-2-13] INFO  MasterConnectionPool   - 5 connections initialized for 117.72.124.103/117.72.124.103:16379
25-02-08.11:07:53.014 [main            ] INFO  EndpointLinksResolver  - Exposing 1 endpoint(s) beneath base path '/actuator'
25-02-08.11:07:53.078 [main            ] INFO  CachingConnectionFactory - Attempting to connect to: [117.72.124.103:5672]
25-02-08.11:07:53.223 [main            ] INFO  CachingConnectionFactory - Created new connection: rabbitConnectionFactory#5972e3a:0/SimpleConnection@2aeb3f3b [delegate=amqp://admin@117.72.124.103:5672/, localPort= 59456]
25-02-08.11:07:54.086 [main            ] INFO  CreditAdjustServiceTest - Started CreditAdjustServiceTest in 9.026 seconds (JVM running for 9.766)
25-02-08.11:07:54.440 [main            ] INFO  CreditAdjustService    - 增加账户积分额度开始 userId:xiaofuge tradeName:CONVERT_SKU amount:-1.68
25-02-08.11:07:54.656 [main            ] INFO  HikariDataSource       - Retail_HikariCP - Starting...
25-02-08.11:07:55.376 [main            ] INFO  HikariDataSource       - Retail_HikariCP - Start completed.
25-02-08.11:07:55.795 [main            ] INFO  EventPublisher         - 发送MQ消息 topic:credit_adjust_success message:{"data":{"amount":-1.68,"orderId":"960587601140","outBusinessNo":"70009240609003","userId":"xiaofuge"},"id":"25837653718","timestamp":1738984074443}
25-02-08.11:07:55.831 [org.springframework.amqp.rabbit.RabbitListenerEndpointContainer#1-1] INFO  CreditAdjustSuccessCustomer - 监听积分账户调整成功消息，进行交易商品发货 topic: credit_adjust_success message: {"data":{"amount":-1.68,"orderId":"960587601140","outBusinessNo":"70009240609003","userId":"xiaofuge"},"id":"25837653718","timestamp":1738984074443}
25-02-08.11:07:55.864 [main            ] INFO  CreditRepository       - 调整账户积分记录，发送MQ消息完成 userId: xiaofuge orderId:960587601140 topic: credit_adjust_success
25-02-08.11:07:55.864 [main            ] INFO  CreditAdjustService    - 增加账户积分额度完成 userId:xiaofuge orderId:960587601140
25-02-08.11:08:00.015 [pool-3-thread-2 ] INFO  HikariDataSource       - Retail_HikariCP - Starting...
25-02-08.11:08:00.384 [pool-3-thread-2 ] INFO  HikariDataSource       - Retail_HikariCP - Start completed.
25-02-08.11:08:31.983 [org.springframework.amqp.rabbit.RabbitListenerEndpointContainer#0-2] INFO  SimpleMessageListenerContainer - Waiting for workers to finish.
25-02-08.11:08:32.009 [org.springframework.amqp.rabbit.RabbitListenerEndpointContainer#1-2] INFO  SimpleMessageListenerContainer - Waiting for workers to finish.
25-02-08.11:08:32.043 [org.springframework.amqp.rabbit.RabbitListenerEndpointContainer#2-2] INFO  SimpleMessageListenerContainer - Waiting for workers to finish.
25-02-08.11:08:32.068 [org.springframework.amqp.rabbit.RabbitListenerEndpointContainer#3-2] INFO  SimpleMessageListenerContainer - Waiting for workers to finish.
25-02-08.11:08:32.202 [org.springframework.amqp.rabbit.RabbitListenerEndpointContainer#2-2] INFO  SimpleMessageListenerContainer - Successfully waited for workers to finish.
25-02-08.11:08:32.382 [org.springframework.amqp.rabbit.RabbitListenerEndpointContainer#3-2] INFO  SimpleMessageListenerContainer - Successfully waited for workers to finish.
25-02-08.11:08:32.815 [org.springframework.amqp.rabbit.RabbitListenerEndpointContainer#1-2] INFO  SimpleMessageListenerContainer - Successfully waited for workers to finish.
25-02-08.11:08:32.866 [org.springframework.amqp.rabbit.RabbitListenerEndpointContainer#0-2] INFO  SimpleMessageListenerContainer - Successfully waited for workers to finish.
25-02-08.11:08:32.867 [SpringApplicationShutdownHook] INFO  SimpleMessageListenerContainer - Shutdown ignored - container is already stopped
25-02-08.11:08:32.868 [SpringApplicationShutdownHook] INFO  SimpleMessageListenerContainer - Shutdown ignored - container is already stopped
25-02-08.11:08:32.868 [SpringApplicationShutdownHook] INFO  SimpleMessageListenerContainer - Shutdown ignored - container is already stopped
25-02-08.11:08:32.868 [SpringApplicationShutdownHook] INFO  SimpleMessageListenerContainer - Shutdown ignored - container is already stopped
